<?xml version="1.0" encoding="UTF-8"?>
<testng-results ignored="0" total="1" passed="1" failed="0" skipped="0">
  <reporter-output>
  </reporter-output>
  <suite started-at="2023-07-20T18:44:16 IST" name="Default suite" finished-at="2023-07-20T18:44:42 IST" duration-ms="25708">
    <groups>
    </groups>
    <test started-at="2023-07-20T18:44:16 IST" name="Default test" finished-at="2023-07-20T18:44:42 IST" duration-ms="25708">
      <class name="velan.velan">
        <test-method is-config="true" signature="beforeClass()[pri:0, instance:velan.velan@4803b726]" started-at="2023-07-20T18:44:16 IST" name="beforeClass" finished-at="2023-07-20T18:44:20 IST" duration-ms="3467" status="PASS">
          <reporter-output>
          </reporter-output>
        </test-method> <!-- beforeClass -->
        <test-method signature="f()[pri:0, instance:velan.velan@4803b726]" started-at="2023-07-20T18:44:20 IST" name="f" finished-at="2023-07-20T18:44:42 IST" duration-ms="21965" status="PASS">
          <reporter-output>
          </reporter-output>
        </test-method> <!-- f -->
        <test-method is-config="true" signature="afterClass()[pri:0, instance:velan.velan@4803b726]" started-at="2023-07-20T18:44:42 IST" name="afterClass" finished-at="2023-07-20T18:44:42 IST" duration-ms="237" status="PASS">
          <reporter-output>
          </reporter-output>
        </test-method> <!-- afterClass -->
      </class> <!-- velan.velan -->
    </test> <!-- Default test -->
  </suite> <!-- Default suite -->
</testng-results>
